09/16/2025 01:17:11 PM - INFO - ####### test Homepage title statrt ########
09/16/2025 01:17:11 PM - INFO - ====== WebDriver manager ======
09/16/2025 01:17:13 PM - INFO - Get LATEST chromedriver version for google-chrome
09/16/2025 01:17:13 PM - INFO - Get LATEST chromedriver version for google-chrome
09/16/2025 01:17:13 PM - INFO - Get LATEST chromedriver version for google-chrome
09/16/2025 01:17:13 PM - INFO - WebDriver version 140.0.7339.82 selected
09/16/2025 01:17:13 PM - INFO - Modern chrome version https://storage.googleapis.com/chrome-for-testing-public/140.0.7339.82/win32/chromedriver-win32.zip
09/16/2025 01:17:13 PM - INFO - About to download new driver from https://storage.googleapis.com/chrome-for-testing-public/140.0.7339.82/win32/chromedriver-win32.zip
09/16/2025 01:17:13 PM - INFO - Driver downloading response is 200
09/16/2025 01:17:17 PM - INFO - Get LATEST chromedriver version for google-chrome
09/16/2025 01:17:18 PM - INFO - Driver has been saved in cache [C:\Users\enthr\.wdm\drivers\chromedriver\win64\140.0.7339.82]
09/16/2025 01:17:23 PM - INFO - --------url launced---------
09/16/2025 01:17:23 PM - INFO - --------actual title captured---------
09/16/2025 01:17:23 PM - INFO - --------title validating---------
09/16/2025 01:17:25 PM - WARNING - The chromedriver version (138.0.7204.94) detected in PATH at C:\Users\enthr\PycharmProjects\com.demoshop\.venv/Scripts\chromedriver.exe might not be compatible with the detected chrome version (140.0.7339.81); currently, chromedriver 140.0.7339.82 is recommended for chrome 140.*, so it is advised to delete the driver in PATH and retry
09/16/2025 01:17:29 PM - WARNING - The chromedriver version (138.0.7204.94) detected in PATH at C:\Users\enthr\PycharmProjects\com.demoshop\.venv/Scripts\chromedriver.exe might not be compatible with the detected chrome version (140.0.7339.81); currently, chromedriver 140.0.7339.82 is recommended for chrome 140.*, so it is advised to delete the driver in PATH and retry
09/16/2025 01:17:33 PM - WARNING - The chromedriver version (138.0.7204.94) detected in PATH at C:\Users\enthr\PycharmProjects\com.demoshop\.venv/Scripts\chromedriver.exe might not be compatible with the detected chrome version (140.0.7339.81); currently, chromedriver 140.0.7339.82 is recommended for chrome 140.*, so it is advised to delete the driver in PATH and retry
09/16/2025 01:17:36 PM - INFO - ####### test Homepage title statrt ########
09/16/2025 01:17:36 PM - INFO - ====== WebDriver manager ======
09/16/2025 01:17:37 PM - INFO - Get LATEST chromedriver version for google-chrome
09/16/2025 01:17:37 PM - INFO - Get LATEST chromedriver version for google-chrome
09/16/2025 01:17:37 PM - INFO - Driver [C:\Users\enthr\.wdm\drivers\chromedriver\win64\140.0.7339.82\chromedriver-win32/chromedriver.exe] found in cache
09/16/2025 01:17:39 PM - INFO - --------url launced---------
09/16/2025 01:17:41 PM - INFO - --------actual title captured---------
09/16/2025 01:17:41 PM - INFO - --------title validating---------
09/16/2025 01:17:41 PM - WARNING - The chromedriver version (138.0.7204.94) detected in PATH at C:\Users\enthr\PycharmProjects\com.demoshop\.venv/Scripts\chromedriver.exe might not be compatible with the detected chrome version (140.0.7339.81); currently, chromedriver 140.0.7339.82 is recommended for chrome 140.*, so it is advised to delete the driver in PATH and retry
09/16/2025 01:17:44 PM - WARNING - The chromedriver version (138.0.7204.94) detected in PATH at C:\Users\enthr\PycharmProjects\com.demoshop\.venv/Scripts\chromedriver.exe might not be compatible with the detected chrome version (140.0.7339.81); currently, chromedriver 140.0.7339.82 is recommended for chrome 140.*, so it is advised to delete the driver in PATH and retry
09/16/2025 01:17:48 PM - WARNING - The chromedriver version (138.0.7204.94) detected in PATH at C:\Users\enthr\PycharmProjects\com.demoshop\.venv/Scripts\chromedriver.exe might not be compatible with the detected chrome version (140.0.7339.81); currently, chromedriver 140.0.7339.82 is recommended for chrome 140.*, so it is advised to delete the driver in PATH and retry
